<?xml version="1.0" encoding="UTF-8"?>
<testng-results skipped="0" failed="0" ignored="0" total="17" passed="17">
  <reporter-output>
  </reporter-output>
  <suite name="selenium" duration-ms="232122" started-at="2019-09-09T15:53:34 MSK" finished-at="2019-09-09T15:57:26 MSK">
    <groups>
    </groups>
    <test name="FirefoxTest" duration-ms="150838" started-at="2019-09-09T15:53:34 MSK" finished-at="2019-09-09T15:56:05 MSK">
      <class name="com.telesens.fibi.SortTests">
        <test-method status="PASS" signature="setUp(java.lang.String)[pri:0, instance:com.telesens.fibi.SortTests@57fffcd7]" name="setUp" is-config="true" duration-ms="5682" started-at="2019-09-09T15:54:17 MSK" finished-at="2019-09-09T15:54:23 MSK">
          <params>
            <param index="0">
              <value>
                <![CDATA[firefox]]>
              </value>
            </param>
          </params>
          <reporter-output>
          </reporter-output>
        </test-method> <!-- setUp -->
        <test-method status="PASS" signature="testUntitledTestCase()[pri:0, instance:com.telesens.fibi.SortTests@57fffcd7]" name="testUntitledTestCase" duration-ms="15736" started-at="2019-09-09T15:54:23 MSK" finished-at="2019-09-09T15:54:38 MSK">
          <reporter-output>
          </reporter-output>
        </test-method> <!-- testUntitledTestCase -->
        <test-method status="PASS" signature="tearDown()[pri:0, instance:com.telesens.fibi.SortTests@57fffcd7]" name="tearDown" is-config="true" duration-ms="4114" started-at="2019-09-09T15:54:38 MSK" finished-at="2019-09-09T15:54:42 MSK">
          <reporter-output>
          </reporter-output>
        </test-method> <!-- tearDown -->
      </class> <!-- com.telesens.fibi.SortTests -->
      <class name="com.telesens.automationpractice.AddAddressTests">
        <test-method status="PASS" signature="setUp(java.lang.String)[pri:0, instance:com.telesens.automationpractice.AddAddressTests@31ef45e3]" name="setUp" is-config="true" duration-ms="7363" started-at="2019-09-09T15:54:42 MSK" finished-at="2019-09-09T15:54:50 MSK">
          <params>
            <param index="0">
              <value>
                <![CDATA[firefox]]>
              </value>
            </param>
          </params>
          <reporter-output>
          </reporter-output>
        </test-method> <!-- setUp -->
        <test-method status="PASS" signature="testAuthSuccess()[pri:0, instance:com.telesens.automationpractice.AddAddressTests@31ef45e3]" name="testAuthSuccess" duration-ms="18005" started-at="2019-09-09T15:54:50 MSK" finished-at="2019-09-09T15:55:08 MSK">
          <reporter-output>
          </reporter-output>
        </test-method> <!-- testAuthSuccess -->
        <test-method status="PASS" signature="tearDown()[pri:0, instance:com.telesens.automationpractice.AddAddressTests@31ef45e3]" name="tearDown" is-config="true" duration-ms="3926" started-at="2019-09-09T15:55:08 MSK" finished-at="2019-09-09T15:55:12 MSK">
          <reporter-output>
          </reporter-output>
        </test-method> <!-- tearDown -->
      </class> <!-- com.telesens.automationpractice.AddAddressTests -->
      <class name="com.telesens.automationpractice.AuthTests">
        <test-method status="PASS" signature="setUp(java.lang.String)[pri:0, instance:com.telesens.automationpractice.AuthTests@598067a5]" name="setUp" is-config="true" duration-ms="6107" started-at="2019-09-09T15:55:12 MSK" finished-at="2019-09-09T15:55:18 MSK">
          <params>
            <param index="0">
              <value>
                <![CDATA[firefox]]>
              </value>
            </param>
          </params>
          <reporter-output>
          </reporter-output>
        </test-method> <!-- setUp -->
        <test-method status="PASS" signature="testAuthSuccess()[pri:0, instance:com.telesens.automationpractice.AuthTests@598067a5]" name="testAuthSuccess" duration-ms="12542" started-at="2019-09-09T15:55:18 MSK" finished-at="2019-09-09T15:55:30 MSK">
          <reporter-output>
          </reporter-output>
        </test-method> <!-- testAuthSuccess -->
        <test-method status="PASS" signature="testWrongPasswordAndLogin(java.lang.String, java.lang.String, java.lang.String)[pri:0, instance:com.telesens.automationpractice.AuthTests@598067a5]" name="testWrongPasswordAndLogin" duration-ms="6296" started-at="2019-09-09T15:55:30 MSK" data-provider="authErrorMessageProvider" finished-at="2019-09-09T15:55:37 MSK">
          <params>
            <param index="0">
              <value>
                <![CDATA[wrongLogin123_%]]>
              </value>
            </param>
            <param index="1">
              <value>
                <![CDATA[wrongpassword123_&]]>
              </value>
            </param>
            <param index="2">
              <value>
                <![CDATA[Invalid email address.]]>
              </value>
            </param>
          </params>
          <reporter-output>
          </reporter-output>
        </test-method> <!-- testWrongPasswordAndLogin -->
        <test-method status="PASS" signature="testWrongPasswordAndLogin(java.lang.String, java.lang.String, java.lang.String)[pri:0, instance:com.telesens.automationpractice.AuthTests@598067a5]" name="testWrongPasswordAndLogin" duration-ms="5786" started-at="2019-09-09T15:55:37 MSK" data-provider="authErrorMessageProvider" finished-at="2019-09-09T15:55:43 MSK">
          <params>
            <param index="0">
              <value>
                <![CDATA[wrongLogin123_%]]>
              </value>
            </param>
            <param index="1">
              <value>
                <![CDATA[password]]>
              </value>
            </param>
            <param index="2">
              <value>
                <![CDATA[Invalid email address.]]>
              </value>
            </param>
          </params>
          <reporter-output>
          </reporter-output>
        </test-method> <!-- testWrongPasswordAndLogin -->
        <test-method status="PASS" signature="testWrongPasswordAndLogin(java.lang.String, java.lang.String, java.lang.String)[pri:0, instance:com.telesens.automationpractice.AuthTests@598067a5]" name="testWrongPasswordAndLogin" duration-ms="6020" started-at="2019-09-09T15:55:43 MSK" data-provider="authErrorMessageProvider" finished-at="2019-09-09T15:55:49 MSK">
          <params>
            <param index="0">
              <value>
                <![CDATA[lizapatology@gmail.com]]>
              </value>
            </param>
            <param index="1">
              <value>
                <![CDATA[wrongpassword123_&]]>
              </value>
            </param>
            <param index="2">
              <value>
                <![CDATA[Authentication failed.]]>
              </value>
            </param>
          </params>
          <reporter-output>
          </reporter-output>
        </test-method> <!-- testWrongPasswordAndLogin -->
        <test-method status="PASS" signature="testWrongPasswordAndLogin(java.lang.String, java.lang.String, java.lang.String)[pri:0, instance:com.telesens.automationpractice.AuthTests@598067a5]" name="testWrongPasswordAndLogin" duration-ms="5908" started-at="2019-09-09T15:55:49 MSK" data-provider="authErrorMessageProvider" finished-at="2019-09-09T15:55:54 MSK">
          <params>
            <param index="0">
              <value>
                <![CDATA[lizapatology@gmail.com]]>
              </value>
            </param>
            <param index="1">
              <value>
                <![CDATA[]]>
              </value>
            </param>
            <param index="2">
              <value>
                <![CDATA[Password is required.]]>
              </value>
            </param>
          </params>
          <reporter-output>
          </reporter-output>
        </test-method> <!-- testWrongPasswordAndLogin -->
        <test-method status="PASS" signature="testWrongPasswordAndLogin(java.lang.String, java.lang.String, java.lang.String)[pri:0, instance:com.telesens.automationpractice.AuthTests@598067a5]" name="testWrongPasswordAndLogin" duration-ms="6515" started-at="2019-09-09T15:55:54 MSK" data-provider="authErrorMessageProvider" finished-at="2019-09-09T15:56:01 MSK">
          <params>
            <param index="0">
              <value>
                <![CDATA[]]>
              </value>
            </param>
            <param index="1">
              <value>
                <![CDATA[password]]>
              </value>
            </param>
            <param index="2">
              <value>
                <![CDATA[An email address required.]]>
              </value>
            </param>
          </params>
          <reporter-output>
          </reporter-output>
        </test-method> <!-- testWrongPasswordAndLogin -->
        <test-method status="PASS" signature="tearDown()[pri:0, instance:com.telesens.automationpractice.AuthTests@598067a5]" name="tearDown" is-config="true" duration-ms="3703" started-at="2019-09-09T15:56:01 MSK" finished-at="2019-09-09T15:56:05 MSK">
          <reporter-output>
          </reporter-output>
        </test-method> <!-- tearDown -->
      </class> <!-- com.telesens.automationpractice.AuthTests -->
      <class name="com.telesens.rozetka.RozetkaTests">
        <test-method status="PASS" signature="setUp(java.lang.String)[pri:0, instance:com.telesens.rozetka.RozetkaTests@3abbfa04]" name="setUp" is-config="true" duration-ms="7101" started-at="2019-09-09T15:53:34 MSK" finished-at="2019-09-09T15:53:41 MSK">
          <params>
            <param index="0">
              <value>
                <![CDATA[chrome]]>
              </value>
            </param>
          </params>
          <reporter-output>
          </reporter-output>
        </test-method> <!-- setUp -->
        <test-method status="PASS" signature="testSort()[pri:0, instance:com.telesens.rozetka.RozetkaTests@3abbfa04]" name="testSort" duration-ms="34867" started-at="2019-09-09T15:53:41 MSK" finished-at="2019-09-09T15:54:16 MSK">
          <reporter-output>
          </reporter-output>
        </test-method> <!-- testSort -->
        <test-method status="PASS" signature="tearDown()[pri:0, instance:com.telesens.rozetka.RozetkaTests@3abbfa04]" name="tearDown" is-config="true" duration-ms="1047" started-at="2019-09-09T15:54:16 MSK" finished-at="2019-09-09T15:54:17 MSK">
          <reporter-output>
          </reporter-output>
        </test-method> <!-- tearDown -->
      </class> <!-- com.telesens.rozetka.RozetkaTests -->
    </test> <!-- FirefoxTest -->
    <test name="ChromeTest" duration-ms="81257" started-at="2019-09-09T15:56:05 MSK" finished-at="2019-09-09T15:57:26 MSK">
      <class name="com.telesens.fibi.SortTests">
        <test-method status="PASS" signature="setUp(java.lang.String)[pri:0, instance:com.telesens.fibi.SortTests@ff5b51f]" name="setUp" is-config="true" duration-ms="2418" started-at="2019-09-09T15:56:05 MSK" finished-at="2019-09-09T15:56:07 MSK">
          <params>
            <param index="0">
              <value>
                <![CDATA[chrome]]>
              </value>
            </param>
          </params>
          <reporter-output>
          </reporter-output>
        </test-method> <!-- setUp -->
        <test-method status="PASS" signature="testUntitledTestCase()[pri:0, instance:com.telesens.fibi.SortTests@ff5b51f]" name="testUntitledTestCase" duration-ms="17531" started-at="2019-09-09T15:56:07 MSK" finished-at="2019-09-09T15:56:25 MSK">
          <reporter-output>
          </reporter-output>
        </test-method> <!-- testUntitledTestCase -->
        <test-method status="PASS" signature="tearDown()[pri:0, instance:com.telesens.fibi.SortTests@ff5b51f]" name="tearDown" is-config="true" duration-ms="931" started-at="2019-09-09T15:56:25 MSK" finished-at="2019-09-09T15:56:26 MSK">
          <reporter-output>
          </reporter-output>
        </test-method> <!-- tearDown -->
      </class> <!-- com.telesens.fibi.SortTests -->
      <class name="com.telesens.automationpractice.AddAddressTests">
        <test-method status="PASS" signature="setUp(java.lang.String)[pri:0, instance:com.telesens.automationpractice.AddAddressTests@25bbe1b6]" name="setUp" is-config="true" duration-ms="2280" started-at="2019-09-09T15:56:26 MSK" finished-at="2019-09-09T15:56:28 MSK">
          <params>
            <param index="0">
              <value>
                <![CDATA[chrome]]>
              </value>
            </param>
          </params>
          <reporter-output>
          </reporter-output>
        </test-method> <!-- setUp -->
        <test-method status="PASS" signature="testAuthSuccess()[pri:0, instance:com.telesens.automationpractice.AddAddressTests@25bbe1b6]" name="testAuthSuccess" duration-ms="16229" started-at="2019-09-09T15:56:28 MSK" finished-at="2019-09-09T15:56:44 MSK">
          <reporter-output>
          </reporter-output>
        </test-method> <!-- testAuthSuccess -->
        <test-method status="PASS" signature="tearDown()[pri:0, instance:com.telesens.automationpractice.AddAddressTests@25bbe1b6]" name="tearDown" is-config="true" duration-ms="1211" started-at="2019-09-09T15:56:44 MSK" finished-at="2019-09-09T15:56:45 MSK">
          <reporter-output>
          </reporter-output>
        </test-method> <!-- tearDown -->
      </class> <!-- com.telesens.automationpractice.AddAddressTests -->
      <class name="com.telesens.automationpractice.AuthTests">
        <test-method status="PASS" signature="setUp(java.lang.String)[pri:0, instance:com.telesens.automationpractice.AuthTests@5702b3b1]" name="setUp" is-config="true" duration-ms="2446" started-at="2019-09-09T15:56:45 MSK" finished-at="2019-09-09T15:56:48 MSK">
          <params>
            <param index="0">
              <value>
                <![CDATA[chrome]]>
              </value>
            </param>
          </params>
          <reporter-output>
          </reporter-output>
        </test-method> <!-- setUp -->
        <test-method status="PASS" signature="testAuthSuccess()[pri:0, instance:com.telesens.automationpractice.AuthTests@5702b3b1]" name="testAuthSuccess" duration-ms="11834" started-at="2019-09-09T15:56:48 MSK" finished-at="2019-09-09T15:57:00 MSK">
          <reporter-output>
          </reporter-output>
        </test-method> <!-- testAuthSuccess -->
        <test-method status="PASS" signature="testWrongPasswordAndLogin(java.lang.String, java.lang.String, java.lang.String)[pri:0, instance:com.telesens.automationpractice.AuthTests@5702b3b1]" name="testWrongPasswordAndLogin" duration-ms="5184" started-at="2019-09-09T15:57:00 MSK" data-provider="authErrorMessageProvider" finished-at="2019-09-09T15:57:05 MSK">
          <params>
            <param index="0">
              <value>
                <![CDATA[wrongLogin123_%]]>
              </value>
            </param>
            <param index="1">
              <value>
                <![CDATA[wrongpassword123_&]]>
              </value>
            </param>
            <param index="2">
              <value>
                <![CDATA[Invalid email address.]]>
              </value>
            </param>
          </params>
          <reporter-output>
          </reporter-output>
        </test-method> <!-- testWrongPasswordAndLogin -->
        <test-method status="PASS" signature="testWrongPasswordAndLogin(java.lang.String, java.lang.String, java.lang.String)[pri:0, instance:com.telesens.automationpractice.AuthTests@5702b3b1]" name="testWrongPasswordAndLogin" duration-ms="4701" started-at="2019-09-09T15:57:05 MSK" data-provider="authErrorMessageProvider" finished-at="2019-09-09T15:57:09 MSK">
          <params>
            <param index="0">
              <value>
                <![CDATA[wrongLogin123_%]]>
              </value>
            </param>
            <param index="1">
              <value>
                <![CDATA[password]]>
              </value>
            </param>
            <param index="2">
              <value>
                <![CDATA[Invalid email address.]]>
              </value>
            </param>
          </params>
          <reporter-output>
          </reporter-output>
        </test-method> <!-- testWrongPasswordAndLogin -->
        <test-method status="PASS" signature="testWrongPasswordAndLogin(java.lang.String, java.lang.String, java.lang.String)[pri:0, instance:com.telesens.automationpractice.AuthTests@5702b3b1]" name="testWrongPasswordAndLogin" duration-ms="5266" started-at="2019-09-09T15:57:09 MSK" data-provider="authErrorMessageProvider" finished-at="2019-09-09T15:57:15 MSK">
          <params>
            <param index="0">
              <value>
                <![CDATA[lizapatology@gmail.com]]>
              </value>
            </param>
            <param index="1">
              <value>
                <![CDATA[wrongpassword123_&]]>
              </value>
            </param>
            <param index="2">
              <value>
                <![CDATA[Authentication failed.]]>
              </value>
            </param>
          </params>
          <reporter-output>
          </reporter-output>
        </test-method> <!-- testWrongPasswordAndLogin -->
        <test-method status="PASS" signature="testWrongPasswordAndLogin(java.lang.String, java.lang.String, java.lang.String)[pri:0, instance:com.telesens.automationpractice.AuthTests@5702b3b1]" name="testWrongPasswordAndLogin" duration-ms="5248" started-at="2019-09-09T15:57:15 MSK" data-provider="authErrorMessageProvider" finished-at="2019-09-09T15:57:20 MSK">
          <params>
            <param index="0">
              <value>
                <![CDATA[lizapatology@gmail.com]]>
              </value>
            </param>
            <param index="1">
              <value>
                <![CDATA[]]>
              </value>
            </param>
            <param index="2">
              <value>
                <![CDATA[Password is required.]]>
              </value>
            </param>
          </params>
          <reporter-output>
          </reporter-output>
        </test-method> <!-- testWrongPasswordAndLogin -->
        <test-method status="PASS" signature="testWrongPasswordAndLogin(java.lang.String, java.lang.String, java.lang.String)[pri:0, instance:com.telesens.automationpractice.AuthTests@5702b3b1]" name="testWrongPasswordAndLogin" duration-ms="4910" started-at="2019-09-09T15:57:20 MSK" data-provider="authErrorMessageProvider" finished-at="2019-09-09T15:57:25 MSK">
          <params>
            <param index="0">
              <value>
                <![CDATA[]]>
              </value>
            </param>
            <param index="1">
              <value>
                <![CDATA[password]]>
              </value>
            </param>
            <param index="2">
              <value>
                <![CDATA[An email address required.]]>
              </value>
            </param>
          </params>
          <reporter-output>
          </reporter-output>
        </test-method> <!-- testWrongPasswordAndLogin -->
        <test-method status="PASS" signature="tearDown()[pri:0, instance:com.telesens.automationpractice.AuthTests@5702b3b1]" name="tearDown" is-config="true" duration-ms="1057" started-at="2019-09-09T15:57:25 MSK" finished-at="2019-09-09T15:57:26 MSK">
          <reporter-output>
          </reporter-output>
        </test-method> <!-- tearDown -->
      </class> <!-- com.telesens.automationpractice.AuthTests -->
    </test> <!-- ChromeTest -->
  </suite> <!-- selenium -->
</testng-results>
