<?xml version="1.0" encoding="UTF-8"?>
<!-- Generated by org.testng.reporters.JUnitXMLReporter -->
<testsuite hostname="Computer" ignored="2" name="ChromeTest" tests="1" failures="0" timestamp="2019-09-16T01:08:13 MSK" time="34.57" errors="0">
  <testcase name="testLogin" time="26.67" classname="com.telesens.rozetka.RozetkaTests"/>
  <testcase name="testSort" time="0.0" classname="com.telesens.rozetka.RozetkaTests">
    <ignored/>
  </testcase> <!-- testSort -->
  <testcase name="testFilter" time="0.0" classname="com.telesens.rozetka.RozetkaTests">
    <ignored/>
  </testcase> <!-- testFilter -->
</testsuite> <!-- ChromeTest -->
