<?xml version="1.0" encoding="UTF-8"?>
<!-- Generated by org.testng.reporters.JUnitXMLReporter -->
<testsuite hostname="Computer" ignored="0" name="ChromeTest" tests="8" failures="0" timestamp="2019-09-09T15:57:26 MSK" time="81.257" errors="0">
  <testcase name="testUntitledTestCase" time="17.531" classname="com.telesens.fibi.SortTests"/>
  <testcase name="testAuthSuccess" time="16.229" classname="com.telesens.automationpractice.AddAddressTests"/>
  <testcase name="testAuthSuccess" time="11.834" classname="com.telesens.automationpractice.AuthTests"/>
  <testcase name="testWrongPasswordAndLogin" time="5.184" classname="com.telesens.automationpractice.AuthTests"/>
  <testcase name="testWrongPasswordAndLogin" time="4.701" classname="com.telesens.automationpractice.AuthTests"/>
  <testcase name="testWrongPasswordAndLogin" time="5.266" classname="com.telesens.automationpractice.AuthTests"/>
  <testcase name="testWrongPasswordAndLogin" time="5.248" classname="com.telesens.automationpractice.AuthTests"/>
  <testcase name="testWrongPasswordAndLogin" time="4.91" classname="com.telesens.automationpractice.AuthTests"/>
</testsuite> <!-- ChromeTest -->
