<?xml version="1.0" encoding="UTF-8"?>
<!-- Generated by org.testng.reporters.JUnitXMLReporter -->
<testsuite hostname="Computer" ignored="2" name="FirefoxTest" tests="1" failures="0" timestamp="2019-09-12T11:00:53 MSK" time="46.101" errors="0">
  <testcase name="testFilterSecondVersion" time="40.721" classname="com.telesens.rozetka.RozetkaTests"/>
  <testcase name="testSort" time="0.0" classname="com.telesens.rozetka.RozetkaTests">
    <ignored/>
  </testcase> <!-- testSort -->
  <testcase name="testFilter" time="0.0" classname="com.telesens.rozetka.RozetkaTests">
    <ignored/>
  </testcase> <!-- testFilter -->
</testsuite> <!-- FirefoxTest -->
