<?xml version="1.0" encoding="UTF-8"?>
<!-- Generated by org.testng.reporters.JUnitXMLReporter -->
<testsuite hostname="Computer" ignored="0" name="login" tests="6" failures="0" timestamp="2019-09-03T01:27:16 MSK" time="41.843" errors="0">
  <testcase name="testAuthSuccess" time="10.829" classname="com.telesens.automationpractice.AuthTests"/>
  <testcase name="testBlankLogin" time="3.637" classname="com.telesens.automationpractice.AuthTests"/>
  <testcase name="testBlankPassword" time="3.839" classname="com.telesens.automationpractice.AuthTests"/>
  <testcase name="testWrongLogin" time="3.716" classname="com.telesens.automationpractice.AuthTests"/>
  <testcase name="testWrongPasswordAndLogin" time="11.485" classname="com.telesens.automationpractice.AuthTests"/>
  <testcase name="wrongPassword" time="4.076" classname="com.telesens.automationpractice.AuthTests"/>
</testsuite> <!-- login -->
