<?xml version="1.0" encoding="UTF-8"?>
<!-- Generated by org.testng.reporters.JUnitXMLReporter -->
<testsuite hostname="Computer" ignored="0" name="login" tests="6" failures="0" timestamp="2019-09-08T06:29:48 MSK" time="42.334" errors="0">
  <testcase name="testAuthSuccess" time="19.114" classname="com.telesens.automationpractice.AuthTests"/>
  <testcase name="testBlankLogin" time="4.068" classname="com.telesens.automationpractice.AuthTests"/>
  <testcase name="testBlankPassword" time="3.619" classname="com.telesens.automationpractice.AuthTests"/>
  <testcase name="testWrongLogin" time="3.701" classname="com.telesens.automationpractice.AuthTests"/>
  <testcase name="testWrongPasswordAndLogin" time="3.804" classname="com.telesens.automationpractice.AuthTests"/>
  <testcase name="wrongPassword" time="3.971" classname="com.telesens.automationpractice.AuthTests"/>
</testsuite> <!-- login -->
