<?xml version="1.0" encoding="UTF-8"?>
<!-- Generated by org.testng.reporters.JUnitXMLReporter -->
<testsuite hostname="Computer" ignored="0" name="OperaTest" tests="6" failures="6" timestamp="2019-09-08T22:13:06 MSK" time="0.028" errors="0">
  <testcase name="@AfterClass tearDown" time="0.0" classname="com.telesens.automationpractice.AuthTests">
    <failure type="java.lang.NullPointerException">
      <![CDATA[java.lang.NullPointerException
at com.telesens.automationpractice.AuthTests.tearDown(AuthTests.java:94)
at java.util.ArrayList.forEach(ArrayList.java:1257)
... Removed 29 stack frames]]>
    </failure>
  </testcase> <!-- @AfterClass tearDown -->
  <testcase name="testAuthSuccess" time="0.0" classname="com.telesens.automationpractice.AuthTests">
    <failure type="java.lang.NullPointerException">
      <![CDATA[java.lang.NullPointerException
at com.telesens.automationpractice.AuthTests.testAuthSuccess(AuthTests.java:58)
at java.util.ArrayList.forEach(ArrayList.java:1257)
... Removed 31 stack frames]]>
    </failure>
  </testcase> <!-- testAuthSuccess -->
  <testcase name="testWrongPasswordAndLogin" time="0.0" classname="com.telesens.automationpractice.AuthTests">
    <failure type="java.lang.NullPointerException">
      <![CDATA[java.lang.NullPointerException
at com.telesens.automationpractice.AuthTests.testWrongPasswordAndLogin(AuthTests.java:74)
at java.util.ArrayList.forEach(ArrayList.java:1257)
... Removed 31 stack frames]]>
    </failure>
  </testcase> <!-- testWrongPasswordAndLogin -->
  <testcase name="testWrongPasswordAndLogin" time="0.0" classname="com.telesens.automationpractice.AuthTests">
    <failure type="java.lang.NullPointerException">
      <![CDATA[java.lang.NullPointerException
at com.telesens.automationpractice.AuthTests.testWrongPasswordAndLogin(AuthTests.java:74)
at java.util.ArrayList.forEach(ArrayList.java:1257)
... Removed 31 stack frames]]>
    </failure>
  </testcase> <!-- testWrongPasswordAndLogin -->
  <testcase name="testWrongPasswordAndLogin" time="0.004" classname="com.telesens.automationpractice.AuthTests">
    <failure type="java.lang.NullPointerException">
      <![CDATA[java.lang.NullPointerException
at com.telesens.automationpractice.AuthTests.testWrongPasswordAndLogin(AuthTests.java:74)
at java.util.ArrayList.forEach(ArrayList.java:1257)
... Removed 31 stack frames]]>
    </failure>
  </testcase> <!-- testWrongPasswordAndLogin -->
  <testcase name="testWrongPasswordAndLogin" time="0.0" classname="com.telesens.automationpractice.AuthTests">
    <failure type="java.lang.NullPointerException">
      <![CDATA[java.lang.NullPointerException
at com.telesens.automationpractice.AuthTests.testWrongPasswordAndLogin(AuthTests.java:74)
at java.util.ArrayList.forEach(ArrayList.java:1257)
... Removed 31 stack frames]]>
    </failure>
  </testcase> <!-- testWrongPasswordAndLogin -->
  <testcase name="testWrongPasswordAndLogin" time="0.0" classname="com.telesens.automationpractice.AuthTests">
    <failure type="java.lang.NullPointerException">
      <![CDATA[java.lang.NullPointerException
at com.telesens.automationpractice.AuthTests.testWrongPasswordAndLogin(AuthTests.java:74)
at java.util.ArrayList.forEach(ArrayList.java:1257)
... Removed 31 stack frames]]>
    </failure>
  </testcase> <!-- testWrongPasswordAndLogin -->
</testsuite> <!-- OperaTest -->
